{"C:\\Users\\josie\\SD\\projeto-clasificacao\\classificacao-api\\src\\server.ts": {"path":"C:\\Users\\josie\\SD\\projeto-clasificacao\\classificacao-api\\src\\server.ts","statementMap":{"0":{"start":{"line":7,"column":15},"end":{"line":7,"column":24}},"1":{"start":{"line":8,"column":0},"end":{"line":8,"column":19}},"2":{"start":{"line":9,"column":0},"end":{"line":9,"column":27}},"3":{"start":{"line":10,"column":0},"end":{"line":10,"column":19}},"4":{"start":{"line":11,"column":0},"end":{"line":11,"column":28}}},"fnMap":{},"branchMap":{},"s":{"0":1,"1":1,"2":1,"3":1,"4":1},"f":{},"b":{},"_coverageSchema":"1a1c01bbd47fc00a2c39e90264f33305004495a9","hash":"9a78f6afe75afca765510a2c00e445990248a74e"}
,"C:\\Users\\josie\\SD\\projeto-clasificacao\\classificacao-api\\src\\controllers\\Players.ts": {"path":"C:\\Users\\josie\\SD\\projeto-clasificacao\\classificacao-api\\src\\controllers\\Players.ts","statementMap":{"0":{"start":{"line":11,"column":32},"end":{"line":11,"column":40}},"1":{"start":{"line":13,"column":22},"end":{"line":13,"column":63}},"2":{"start":{"line":15,"column":4},"end":{"line":17,"column":5}},"3":{"start":{"line":16,"column":6},"end":{"line":16,"column":56}},"4":{"start":{"line":19,"column":22},"end":{"line":19,"column":69}},"5":{"start":{"line":21,"column":4},"end":{"line":23,"column":5}},"6":{"start":{"line":22,"column":6},"end":{"line":22,"column":54}},"7":{"start":{"line":25,"column":31},"end":{"line":25,"column":73}},"8":{"start":{"line":27,"column":4},"end":{"line":29,"column":5}},"9":{"start":{"line":28,"column":6},"end":{"line":28,"column":62}},"10":{"start":{"line":31,"column":25},"end":{"line":31,"column":75}},"11":{"start":{"line":33,"column":4},"end":{"line":35,"column":5}},"12":{"start":{"line":34,"column":6},"end":{"line":34,"column":66}},"13":{"start":{"line":37,"column":4},"end":{"line":37,"column":46}}},"fnMap":{"0":{"name":"(anonymous_0)","decl":{"start":{"line":10,"column":2},"end":{"line":10,"column":3}},"loc":{"start":{"line":10,"column":44},"end":{"line":38,"column":3}},"line":10}},"branchMap":{"0":{"loc":{"start":{"line":15,"column":4},"end":{"line":17,"column":5}},"type":"if","locations":[{"start":{"line":15,"column":4},"end":{"line":17,"column":5}},{"start":{},"end":{}}],"line":15},"1":{"loc":{"start":{"line":21,"column":4},"end":{"line":23,"column":5}},"type":"if","locations":[{"start":{"line":21,"column":4},"end":{"line":23,"column":5}},{"start":{},"end":{}}],"line":21},"2":{"loc":{"start":{"line":27,"column":4},"end":{"line":29,"column":5}},"type":"if","locations":[{"start":{"line":27,"column":4},"end":{"line":29,"column":5}},{"start":{},"end":{}}],"line":27},"3":{"loc":{"start":{"line":33,"column":4},"end":{"line":35,"column":5}},"type":"if","locations":[{"start":{"line":33,"column":4},"end":{"line":35,"column":5}},{"start":{},"end":{}}],"line":33}},"s":{"0":3,"1":3,"2":3,"3":1,"4":2,"5":2,"6":1,"7":1,"8":1,"9":0,"10":1,"11":1,"12":0,"13":1},"f":{"0":3},"b":{"0":[1,2],"1":[1,1],"2":[0,1],"3":[0,1]},"_coverageSchema":"1a1c01bbd47fc00a2c39e90264f33305004495a9","hash":"b718d097a8328c63abb3d00ca4e38d8b9510731c"}
,"C:\\Users\\josie\\SD\\projeto-clasificacao\\classificacao-api\\src\\controllers\\Squards.ts": {"path":"C:\\Users\\josie\\SD\\projeto-clasificacao\\classificacao-api\\src\\controllers\\Squards.ts","statementMap":{"0":{"start":{"line":12,"column":39},"end":{"line":12,"column":47}},"1":{"start":{"line":14,"column":22},"end":{"line":14,"column":69}},"2":{"start":{"line":16,"column":4},"end":{"line":16,"column":66}},"3":{"start":{"line":16,"column":19},"end":{"line":16,"column":66}},"4":{"start":{"line":18,"column":25},"end":{"line":18,"column":64}},"5":{"start":{"line":20,"column":4},"end":{"line":21,"column":69}},"6":{"start":{"line":21,"column":6},"end":{"line":21,"column":69}},"7":{"start":{"line":23,"column":4},"end":{"line":23,"column":46}},"8":{"start":{"line":33,"column":8},"end":{"line":33,"column":16}},"9":{"start":{"line":34,"column":19},"end":{"line":34,"column":29}},"10":{"start":{"line":36,"column":22},"end":{"line":36,"column":57}},"11":{"start":{"line":38,"column":4},"end":{"line":38,"column":70}},"12":{"start":{"line":38,"column":20},"end":{"line":38,"column":70}},"13":{"start":{"line":40,"column":24},"end":{"line":43,"column":5}},"14":{"start":{"line":45,"column":4},"end":{"line":46,"column":69}},"15":{"start":{"line":46,"column":6},"end":{"line":46,"column":69}},"16":{"start":{"line":48,"column":22},"end":{"line":51,"column":5}},"17":{"start":{"line":53,"column":4},"end":{"line":54,"column":69}},"18":{"start":{"line":54,"column":6},"end":{"line":54,"column":69}},"19":{"start":{"line":56,"column":19},"end":{"line":68,"column":5}},"20":{"start":{"line":70,"column":23},"end":{"line":70,"column":62}},"21":{"start":{"line":72,"column":4},"end":{"line":73,"column":69}},"22":{"start":{"line":73,"column":6},"end":{"line":73,"column":69}},"23":{"start":{"line":75,"column":4},"end":{"line":75,"column":37}},"24":{"start":{"line":79,"column":24},"end":{"line":79,"column":58}},"25":{"start":{"line":81,"column":4},"end":{"line":81,"column":61}},"26":{"start":{"line":81,"column":29},"end":{"line":81,"column":61}},"27":{"start":{"line":83,"column":4},"end":{"line":85,"column":7}},"28":{"start":{"line":84,"column":6},"end":{"line":84,"column":68}},"29":{"start":{"line":86,"column":4},"end":{"line":86,"column":45}},"30":{"start":{"line":90,"column":19},"end":{"line":90,"column":29}},"31":{"start":{"line":91,"column":4},"end":{"line":91,"column":24}},"32":{"start":{"line":93,"column":4},"end":{"line":95,"column":5}},"33":{"start":{"line":94,"column":6},"end":{"line":94,"column":56}},"34":{"start":{"line":97,"column":22},"end":{"line":97,"column":57}},"35":{"start":{"line":99,"column":4},"end":{"line":101,"column":5}},"36":{"start":{"line":100,"column":6},"end":{"line":100,"column":57}},"37":{"start":{"line":103,"column":25},"end":{"line":103,"column":63}},"38":{"start":{"line":105,"column":4},"end":{"line":107,"column":5}},"39":{"start":{"line":106,"column":6},"end":{"line":106,"column":65}},"40":{"start":{"line":109,"column":4},"end":{"line":109,"column":39}}},"fnMap":{"0":{"name":"(anonymous_0)","decl":{"start":{"line":11,"column":2},"end":{"line":11,"column":3}},"loc":{"start":{"line":11,"column":44},"end":{"line":24,"column":3}},"line":11},"1":{"name":"(anonymous_1)","decl":{"start":{"line":26,"column":2},"end":{"line":26,"column":3}},"loc":{"start":{"line":26,"column":42},"end":{"line":76,"column":3}},"line":26},"2":{"name":"(anonymous_2)","decl":{"start":{"line":78,"column":2},"end":{"line":78,"column":3}},"loc":{"start":{"line":78,"column":42},"end":{"line":87,"column":3}},"line":78},"3":{"name":"(anonymous_3)","decl":{"start":{"line":83,"column":21},"end":{"line":83,"column":22}},"loc":{"start":{"line":83,"column":31},"end":{"line":85,"column":5}},"line":83},"4":{"name":"(anonymous_4)","decl":{"start":{"line":89,"column":2},"end":{"line":89,"column":3}},"loc":{"start":{"line":89,"column":44},"end":{"line":110,"column":3}},"line":89}},"branchMap":{"0":{"loc":{"start":{"line":16,"column":4},"end":{"line":16,"column":66}},"type":"if","locations":[{"start":{"line":16,"column":4},"end":{"line":16,"column":66}},{"start":{},"end":{}}],"line":16},"1":{"loc":{"start":{"line":20,"column":4},"end":{"line":21,"column":69}},"type":"if","locations":[{"start":{"line":20,"column":4},"end":{"line":21,"column":69}},{"start":{},"end":{}}],"line":20},"2":{"loc":{"start":{"line":38,"column":4},"end":{"line":38,"column":70}},"type":"if","locations":[{"start":{"line":38,"column":4},"end":{"line":38,"column":70}},{"start":{},"end":{}}],"line":38},"3":{"loc":{"start":{"line":45,"column":4},"end":{"line":46,"column":69}},"type":"if","locations":[{"start":{"line":45,"column":4},"end":{"line":46,"column":69}},{"start":{},"end":{}}],"line":45},"4":{"loc":{"start":{"line":45,"column":8},"end":{"line":45,"column":41}},"type":"binary-expr","locations":[{"start":{"line":45,"column":8},"end":{"line":45,"column":20}},{"start":{"line":45,"column":24},"end":{"line":45,"column":41}}],"line":45},"5":{"loc":{"start":{"line":53,"column":4},"end":{"line":54,"column":69}},"type":"if","locations":[{"start":{"line":53,"column":4},"end":{"line":54,"column":69}},{"start":{},"end":{}}],"line":53},"6":{"loc":{"start":{"line":53,"column":8},"end":{"line":53,"column":37}},"type":"binary-expr","locations":[{"start":{"line":53,"column":8},"end":{"line":53,"column":18}},{"start":{"line":53,"column":22},"end":{"line":53,"column":37}}],"line":53},"7":{"loc":{"start":{"line":72,"column":4},"end":{"line":73,"column":69}},"type":"if","locations":[{"start":{"line":72,"column":4},"end":{"line":73,"column":69}},{"start":{},"end":{}}],"line":72},"8":{"loc":{"start":{"line":81,"column":4},"end":{"line":81,"column":61}},"type":"if","locations":[{"start":{"line":81,"column":4},"end":{"line":81,"column":61}},{"start":{},"end":{}}],"line":81},"9":{"loc":{"start":{"line":84,"column":13},"end":{"line":84,"column":67}},"type":"cond-expr","locations":[{"start":{"line":84,"column":35},"end":{"line":84,"column":36}},{"start":{"line":84,"column":39},"end":{"line":84,"column":67}}],"line":84},"10":{"loc":{"start":{"line":84,"column":39},"end":{"line":84,"column":67}},"type":"cond-expr","locations":[{"start":{"line":84,"column":61},"end":{"line":84,"column":63}},{"start":{"line":84,"column":66},"end":{"line":84,"column":67}}],"line":84},"11":{"loc":{"start":{"line":93,"column":4},"end":{"line":95,"column":5}},"type":"if","locations":[{"start":{"line":93,"column":4},"end":{"line":95,"column":5}},{"start":{},"end":{}}],"line":93},"12":{"loc":{"start":{"line":99,"column":4},"end":{"line":101,"column":5}},"type":"if","locations":[{"start":{"line":99,"column":4},"end":{"line":101,"column":5}},{"start":{},"end":{}}],"line":99},"13":{"loc":{"start":{"line":105,"column":4},"end":{"line":107,"column":5}},"type":"if","locations":[{"start":{"line":105,"column":4},"end":{"line":107,"column":5}},{"start":{},"end":{}}],"line":105}},"s":{"0":2,"1":2,"2":2,"3":1,"4":1,"5":1,"6":0,"7":1,"8":2,"9":2,"10":2,"11":2,"12":1,"13":1,"14":1,"15":0,"16":1,"17":1,"18":0,"19":1,"20":1,"21":1,"22":0,"23":1,"24":1,"25":1,"26":0,"27":1,"28":3,"29":1,"30":2,"31":2,"32":2,"33":0,"34":2,"35":2,"36":2,"37":0,"38":0,"39":0,"40":0},"f":{"0":2,"1":2,"2":1,"3":3,"4":2},"b":{"0":[1,1],"1":[0,1],"2":[1,1],"3":[0,1],"4":[1,0],"5":[0,1],"6":[1,0],"7":[0,1],"8":[0,1],"9":[1,2],"10":[1,1],"11":[0,2],"12":[2,0],"13":[0,0]},"_coverageSchema":"1a1c01bbd47fc00a2c39e90264f33305004495a9","hash":"a6584c282408b7c399f39fb95b0ad0e543718aba"}
,"C:\\Users\\josie\\SD\\projeto-clasificacao\\classificacao-api\\src\\database\\prisma\\index.ts": {"path":"C:\\Users\\josie\\SD\\projeto-clasificacao\\classificacao-api\\src\\database\\prisma\\index.ts","statementMap":{"0":{"start":{"line":9,"column":15},"end":{"line":9,"column":33}},"1":{"start":{"line":13,"column":4},"end":{"line":14,"column":62}},"2":{"start":{"line":14,"column":6},"end":{"line":14,"column":62}},"3":{"start":{"line":16,"column":4},"end":{"line":18,"column":7}},"4":{"start":{"line":17,"column":6},"end":{"line":17,"column":64}},"5":{"start":{"line":22,"column":4},"end":{"line":22,"column":73}},"6":{"start":{"line":22,"column":22},"end":{"line":22,"column":73}},"7":{"start":{"line":24,"column":4},"end":{"line":32,"column":5}},"8":{"start":{"line":25,"column":6},"end":{"line":27,"column":9}},"9":{"start":{"line":26,"column":8},"end":{"line":26,"column":57}},"10":{"start":{"line":29,"column":6},"end":{"line":31,"column":9}},"11":{"start":{"line":30,"column":8},"end":{"line":30,"column":57}},"12":{"start":{"line":35,"column":4},"end":{"line":36,"column":67}},"13":{"start":{"line":36,"column":6},"end":{"line":36,"column":67}},"14":{"start":{"line":38,"column":4},"end":{"line":45,"column":9}},"15":{"start":{"line":44,"column":8},"end":{"line":44,"column":66}},"16":{"start":{"line":49,"column":4},"end":{"line":51,"column":7}},"17":{"start":{"line":50,"column":6},"end":{"line":50,"column":74}},"18":{"start":{"line":55,"column":4},"end":{"line":63,"column":9}},"19":{"start":{"line":60,"column":8},"end":{"line":62,"column":10}},"20":{"start":{"line":65,"column":4},"end":{"line":67,"column":7}},"21":{"start":{"line":66,"column":6},"end":{"line":66,"column":65}},"22":{"start":{"line":71,"column":4},"end":{"line":73,"column":5}},"23":{"start":{"line":72,"column":6},"end":{"line":72,"column":55}},"24":{"start":{"line":74,"column":4},"end":{"line":76,"column":5}},"25":{"start":{"line":75,"column":6},"end":{"line":75,"column":76}},"26":{"start":{"line":78,"column":4},"end":{"line":80,"column":7}},"27":{"start":{"line":79,"column":6},"end":{"line":79,"column":63}},"28":{"start":{"line":84,"column":4},"end":{"line":84,"column":73}},"29":{"start":{"line":84,"column":22},"end":{"line":84,"column":73}},"30":{"start":{"line":86,"column":4},"end":{"line":94,"column":5}},"31":{"start":{"line":87,"column":6},"end":{"line":89,"column":9}},"32":{"start":{"line":88,"column":8},"end":{"line":88,"column":59}},"33":{"start":{"line":91,"column":6},"end":{"line":93,"column":9}},"34":{"start":{"line":92,"column":8},"end":{"line":92,"column":59}},"35":{"start":{"line":98,"column":4},"end":{"line":106,"column":5}},"36":{"start":{"line":99,"column":6},"end":{"line":105,"column":11}},"37":{"start":{"line":102,"column":10},"end":{"line":104,"column":12}},"38":{"start":{"line":107,"column":4},"end":{"line":109,"column":7}},"39":{"start":{"line":108,"column":6},"end":{"line":108,"column":78}}},"fnMap":{"0":{"name":"(anonymous_0)","decl":{"start":{"line":12,"column":2},"end":{"line":12,"column":3}},"loc":{"start":{"line":12,"column":35},"end":{"line":19,"column":3}},"line":12},"1":{"name":"(anonymous_1)","decl":{"start":{"line":16,"column":65},"end":{"line":16,"column":66}},"loc":{"start":{"line":16,"column":71},"end":{"line":18,"column":5}},"line":16},"2":{"name":"(anonymous_2)","decl":{"start":{"line":21,"column":2},"end":{"line":21,"column":3}},"loc":{"start":{"line":21,"column":46},"end":{"line":33,"column":3}},"line":21},"3":{"name":"(anonymous_3)","decl":{"start":{"line":25,"column":70},"end":{"line":25,"column":71}},"loc":{"start":{"line":25,"column":76},"end":{"line":27,"column":7}},"line":25},"4":{"name":"(anonymous_4)","decl":{"start":{"line":29,"column":72},"end":{"line":29,"column":73}},"loc":{"start":{"line":29,"column":78},"end":{"line":31,"column":7}},"line":29},"5":{"name":"(anonymous_5)","decl":{"start":{"line":34,"column":2},"end":{"line":34,"column":3}},"loc":{"start":{"line":34,"column":39},"end":{"line":46,"column":3}},"line":34},"6":{"name":"(anonymous_6)","decl":{"start":{"line":43,"column":13},"end":{"line":43,"column":14}},"loc":{"start":{"line":43,"column":19},"end":{"line":45,"column":7}},"line":43},"7":{"name":"(anonymous_7)","decl":{"start":{"line":48,"column":2},"end":{"line":48,"column":3}},"loc":{"start":{"line":48,"column":22},"end":{"line":52,"column":3}},"line":48},"8":{"name":"(anonymous_8)","decl":{"start":{"line":49,"column":49},"end":{"line":49,"column":50}},"loc":{"start":{"line":49,"column":55},"end":{"line":51,"column":5}},"line":49},"9":{"name":"(anonymous_9)","decl":{"start":{"line":54,"column":2},"end":{"line":54,"column":3}},"loc":{"start":{"line":54,"column":33},"end":{"line":68,"column":3}},"line":54},"10":{"name":"(anonymous_10)","decl":{"start":{"line":59,"column":13},"end":{"line":59,"column":14}},"loc":{"start":{"line":59,"column":19},"end":{"line":63,"column":7}},"line":59},"11":{"name":"(anonymous_11)","decl":{"start":{"line":65,"column":64},"end":{"line":65,"column":65}},"loc":{"start":{"line":65,"column":70},"end":{"line":67,"column":5}},"line":65},"12":{"name":"(anonymous_12)","decl":{"start":{"line":70,"column":2},"end":{"line":70,"column":3}},"loc":{"start":{"line":70,"column":54},"end":{"line":81,"column":3}},"line":70},"13":{"name":"(anonymous_13)","decl":{"start":{"line":78,"column":70},"end":{"line":78,"column":71}},"loc":{"start":{"line":78,"column":79},"end":{"line":80,"column":5}},"line":78},"14":{"name":"(anonymous_14)","decl":{"start":{"line":83,"column":2},"end":{"line":83,"column":3}},"loc":{"start":{"line":83,"column":46},"end":{"line":95,"column":3}},"line":83},"15":{"name":"(anonymous_15)","decl":{"start":{"line":87,"column":70},"end":{"line":87,"column":71}},"loc":{"start":{"line":87,"column":76},"end":{"line":89,"column":7}},"line":87},"16":{"name":"(anonymous_16)","decl":{"start":{"line":91,"column":72},"end":{"line":91,"column":73}},"loc":{"start":{"line":91,"column":78},"end":{"line":93,"column":7}},"line":91},"17":{"name":"(anonymous_17)","decl":{"start":{"line":97,"column":2},"end":{"line":97,"column":3}},"loc":{"start":{"line":97,"column":39},"end":{"line":110,"column":3}},"line":97},"18":{"name":"(anonymous_18)","decl":{"start":{"line":101,"column":15},"end":{"line":101,"column":16}},"loc":{"start":{"line":101,"column":21},"end":{"line":105,"column":9}},"line":101},"19":{"name":"(anonymous_19)","decl":{"start":{"line":107,"column":49},"end":{"line":107,"column":50}},"loc":{"start":{"line":107,"column":55},"end":{"line":109,"column":5}},"line":107}},"branchMap":{"0":{"loc":{"start":{"line":13,"column":4},"end":{"line":14,"column":62}},"type":"if","locations":[{"start":{"line":13,"column":4},"end":{"line":14,"column":62}},{"start":{},"end":{}}],"line":13},"1":{"loc":{"start":{"line":13,"column":8},"end":{"line":13,"column":29}},"type":"binary-expr","locations":[{"start":{"line":13,"column":8},"end":{"line":13,"column":13}},{"start":{"line":13,"column":17},"end":{"line":13,"column":29}}],"line":13},"2":{"loc":{"start":{"line":22,"column":4},"end":{"line":22,"column":73}},"type":"if","locations":[{"start":{"line":22,"column":4},"end":{"line":22,"column":73}},{"start":{},"end":{}}],"line":22},"3":{"loc":{"start":{"line":22,"column":8},"end":{"line":22,"column":20}},"type":"binary-expr","locations":[{"start":{"line":22,"column":8},"end":{"line":22,"column":11}},{"start":{"line":22,"column":15},"end":{"line":22,"column":20}}],"line":22},"4":{"loc":{"start":{"line":24,"column":4},"end":{"line":32,"column":5}},"type":"if","locations":[{"start":{"line":24,"column":4},"end":{"line":32,"column":5}},{"start":{"line":28,"column":11},"end":{"line":32,"column":5}}],"line":24},"5":{"loc":{"start":{"line":35,"column":4},"end":{"line":36,"column":67}},"type":"if","locations":[{"start":{"line":35,"column":4},"end":{"line":36,"column":67}},{"start":{},"end":{}}],"line":35},"6":{"loc":{"start":{"line":35,"column":8},"end":{"line":35,"column":34}},"type":"binary-expr","locations":[{"start":{"line":35,"column":8},"end":{"line":35,"column":18}},{"start":{"line":35,"column":22},"end":{"line":35,"column":34}}],"line":35},"7":{"loc":{"start":{"line":71,"column":4},"end":{"line":73,"column":5}},"type":"if","locations":[{"start":{"line":71,"column":4},"end":{"line":73,"column":5}},{"start":{},"end":{}}],"line":71},"8":{"loc":{"start":{"line":74,"column":4},"end":{"line":76,"column":5}},"type":"if","locations":[{"start":{"line":74,"column":4},"end":{"line":76,"column":5}},{"start":{},"end":{}}],"line":74},"9":{"loc":{"start":{"line":74,"column":8},"end":{"line":74,"column":29}},"type":"binary-expr","locations":[{"start":{"line":74,"column":8},"end":{"line":74,"column":13}},{"start":{"line":74,"column":17},"end":{"line":74,"column":29}}],"line":74},"10":{"loc":{"start":{"line":84,"column":4},"end":{"line":84,"column":73}},"type":"if","locations":[{"start":{"line":84,"column":4},"end":{"line":84,"column":73}},{"start":{},"end":{}}],"line":84},"11":{"loc":{"start":{"line":84,"column":8},"end":{"line":84,"column":20}},"type":"binary-expr","locations":[{"start":{"line":84,"column":8},"end":{"line":84,"column":11}},{"start":{"line":84,"column":15},"end":{"line":84,"column":20}}],"line":84},"12":{"loc":{"start":{"line":86,"column":4},"end":{"line":94,"column":5}},"type":"if","locations":[{"start":{"line":86,"column":4},"end":{"line":94,"column":5}},{"start":{"line":90,"column":11},"end":{"line":94,"column":5}}],"line":86},"13":{"loc":{"start":{"line":98,"column":4},"end":{"line":106,"column":5}},"type":"if","locations":[{"start":{"line":98,"column":4},"end":{"line":106,"column":5}},{"start":{},"end":{}}],"line":98}},"s":{"0":1,"1":1,"2":0,"3":1,"4":0,"5":9,"6":0,"7":9,"8":7,"9":0,"10":2,"11":0,"12":1,"13":0,"14":1,"15":0,"16":1,"17":0,"18":0,"19":0,"20":0,"21":0,"22":1,"23":0,"24":1,"25":0,"26":1,"27":0,"28":2,"29":0,"30":2,"31":0,"32":0,"33":2,"34":0,"35":1,"36":1,"37":0,"38":0,"39":0},"f":{"0":1,"1":0,"2":9,"3":0,"4":0,"5":1,"6":0,"7":1,"8":0,"9":0,"10":0,"11":0,"12":1,"13":0,"14":2,"15":0,"16":0,"17":1,"18":0,"19":0},"b":{"0":[0,1],"1":[1,1],"2":[0,9],"3":[9,2],"4":[7,2],"5":[0,1],"6":[1,1],"7":[0,1],"8":[0,1],"9":[1,1],"10":[0,2],"11":[2,2],"12":[0,2],"13":[1,0]},"_coverageSchema":"1a1c01bbd47fc00a2c39e90264f33305004495a9","hash":"6795777d65ce66711ee7bd0af0b34a08577f5243"}
,"C:\\Users\\josie\\SD\\projeto-clasificacao\\classificacao-api\\src\\helpers\\apiErros.ts": {"path":"C:\\Users\\josie\\SD\\projeto-clasificacao\\classificacao-api\\src\\helpers\\apiErros.ts","statementMap":{"0":{"start":{"line":5,"column":4},"end":{"line":5,"column":19}},"1":{"start":{"line":6,"column":4},"end":{"line":6,"column":33}},"2":{"start":{"line":7,"column":4},"end":{"line":7,"column":38}},"3":{"start":{"line":13,"column":4},"end":{"line":13,"column":25}},"4":{"start":{"line":19,"column":4},"end":{"line":19,"column":24}},"5":{"start":{"line":25,"column":4},"end":{"line":25,"column":24}},"6":{"start":{"line":31,"column":4},"end":{"line":31,"column":24}},"7":{"start":{"line":37,"column":4},"end":{"line":37,"column":24}},"8":{"start":{"line":43,"column":4},"end":{"line":43,"column":24}}},"fnMap":{"0":{"name":"(anonymous_0)","decl":{"start":{"line":4,"column":2},"end":{"line":4,"column":3}},"loc":{"start":{"line":4,"column":51},"end":{"line":8,"column":3}},"line":4},"1":{"name":"(anonymous_1)","decl":{"start":{"line":12,"column":2},"end":{"line":12,"column":3}},"loc":{"start":{"line":12,"column":31},"end":{"line":14,"column":3}},"line":12},"2":{"name":"(anonymous_2)","decl":{"start":{"line":18,"column":2},"end":{"line":18,"column":3}},"loc":{"start":{"line":18,"column":31},"end":{"line":20,"column":3}},"line":18},"3":{"name":"(anonymous_3)","decl":{"start":{"line":24,"column":2},"end":{"line":24,"column":3}},"loc":{"start":{"line":24,"column":31},"end":{"line":26,"column":3}},"line":24},"4":{"name":"(anonymous_4)","decl":{"start":{"line":30,"column":2},"end":{"line":30,"column":3}},"loc":{"start":{"line":30,"column":31},"end":{"line":32,"column":3}},"line":30},"5":{"name":"(anonymous_5)","decl":{"start":{"line":36,"column":2},"end":{"line":36,"column":3}},"loc":{"start":{"line":36,"column":31},"end":{"line":38,"column":3}},"line":36},"6":{"name":"(anonymous_6)","decl":{"start":{"line":42,"column":2},"end":{"line":42,"column":3}},"loc":{"start":{"line":42,"column":31},"end":{"line":44,"column":3}},"line":42}},"branchMap":{},"s":{"0":9,"1":9,"2":9,"3":0,"4":4,"5":0,"6":5,"7":0,"8":0},"f":{"0":9,"1":0,"2":4,"3":0,"4":5,"5":0,"6":0},"b":{},"_coverageSchema":"1a1c01bbd47fc00a2c39e90264f33305004495a9","hash":"7107c67148053b7ca3380174c7546b54a127d3bc"}
,"C:\\Users\\josie\\SD\\projeto-clasificacao\\classificacao-api\\src\\helpers\\tablePoints.ts": {"path":"C:\\Users\\josie\\SD\\projeto-clasificacao\\classificacao-api\\src\\helpers\\tablePoints.ts","statementMap":{"0":{"start":{"line":1,"column":27},"end":{"line":14,"column":1}}},"fnMap":{},"branchMap":{},"s":{"0":1},"f":{},"b":{},"_coverageSchema":"1a1c01bbd47fc00a2c39e90264f33305004495a9","hash":"35f2a750ed7f45892c6a5ad63ce1518ca4c419c5"}
,"C:\\Users\\josie\\SD\\projeto-clasificacao\\classificacao-api\\src\\middleware\\errorMiddleware.ts": {"path":"C:\\Users\\josie\\SD\\projeto-clasificacao\\classificacao-api\\src\\middleware\\errorMiddleware.ts","statementMap":{"0":{"start":{"line":4,"column":31},"end":{"line":29,"column":1}},"1":{"start":{"line":10,"column":21},"end":{"line":10,"column":42}},"2":{"start":{"line":11,"column":2},"end":{"line":11,"column":19}},"3":{"start":{"line":12,"column":2},"end":{"line":18,"column":3}},"4":{"start":{"line":17,"column":4},"end":{"line":17,"column":64}},"5":{"start":{"line":20,"column":2},"end":{"line":22,"column":3}},"6":{"start":{"line":21,"column":4},"end":{"line":21,"column":74}},"7":{"start":{"line":24,"column":2},"end":{"line":26,"column":3}},"8":{"start":{"line":25,"column":4},"end":{"line":25,"column":58}},"9":{"start":{"line":28,"column":2},"end":{"line":28,"column":63}}},"fnMap":{"0":{"name":"(anonymous_0)","decl":{"start":{"line":4,"column":31},"end":{"line":4,"column":32}},"loc":{"start":{"line":9,"column":5},"end":{"line":29,"column":1}},"line":9}},"branchMap":{"0":{"loc":{"start":{"line":10,"column":21},"end":{"line":10,"column":42}},"type":"binary-expr","locations":[{"start":{"line":10,"column":21},"end":{"line":10,"column":35}},{"start":{"line":10,"column":39},"end":{"line":10,"column":42}}],"line":10},"1":{"loc":{"start":{"line":12,"column":2},"end":{"line":18,"column":3}},"type":"if","locations":[{"start":{"line":12,"column":2},"end":{"line":18,"column":3}},{"start":{},"end":{}}],"line":12},"2":{"loc":{"start":{"line":13,"column":4},"end":{"line":15,"column":39}},"type":"binary-expr","locations":[{"start":{"line":13,"column":4},"end":{"line":13,"column":22}},{"start":{"line":14,"column":4},"end":{"line":14,"column":35}},{"start":{"line":15,"column":4},"end":{"line":15,"column":39}}],"line":13},"3":{"loc":{"start":{"line":20,"column":2},"end":{"line":22,"column":3}},"type":"if","locations":[{"start":{"line":20,"column":2},"end":{"line":22,"column":3}},{"start":{},"end":{}}],"line":20},"4":{"loc":{"start":{"line":24,"column":2},"end":{"line":26,"column":3}},"type":"if","locations":[{"start":{"line":24,"column":2},"end":{"line":26,"column":3}},{"start":{},"end":{}}],"line":24}},"s":{"0":1,"1":9,"2":9,"3":9,"4":0,"5":9,"6":0,"7":9,"8":0,"9":9},"f":{"0":9},"b":{"0":[9,0],"1":[0,9],"2":[9,9,9],"3":[0,9],"4":[0,9]},"_coverageSchema":"1a1c01bbd47fc00a2c39e90264f33305004495a9","hash":"2988bec86db225ab1e42f0ebbc2e2b6cf43e85b7"}
,"C:\\Users\\josie\\SD\\projeto-clasificacao\\classificacao-api\\src\\middleware\\players\\index.ts": {"path":"C:\\Users\\josie\\SD\\projeto-clasificacao\\classificacao-api\\src\\middleware\\players\\index.ts","statementMap":{"0":{"start":{"line":6,"column":69},"end":{"line":6,"column":77}},"1":{"start":{"line":8,"column":4},"end":{"line":10,"column":5}},"2":{"start":{"line":9,"column":6},"end":{"line":9,"column":55}},"3":{"start":{"line":11,"column":4},"end":{"line":13,"column":5}},"4":{"start":{"line":12,"column":6},"end":{"line":12,"column":76}},"5":{"start":{"line":15,"column":4},"end":{"line":15,"column":11}}},"fnMap":{"0":{"name":"(anonymous_0)","decl":{"start":{"line":5,"column":2},"end":{"line":5,"column":3}},"loc":{"start":{"line":5,"column":58},"end":{"line":16,"column":3}},"line":5}},"branchMap":{"0":{"loc":{"start":{"line":8,"column":4},"end":{"line":10,"column":5}},"type":"if","locations":[{"start":{"line":8,"column":4},"end":{"line":10,"column":5}},{"start":{},"end":{}}],"line":8},"1":{"loc":{"start":{"line":11,"column":4},"end":{"line":13,"column":5}},"type":"if","locations":[{"start":{"line":11,"column":4},"end":{"line":13,"column":5}},{"start":{},"end":{}}],"line":11},"2":{"loc":{"start":{"line":11,"column":8},"end":{"line":11,"column":29}},"type":"binary-expr","locations":[{"start":{"line":11,"column":8},"end":{"line":11,"column":13}},{"start":{"line":11,"column":17},"end":{"line":11,"column":29}}],"line":11}},"s":{"0":4,"1":4,"2":0,"3":4,"4":1,"5":3},"f":{"0":4},"b":{"0":[0,4],"1":[1,3],"2":[4,4]},"_coverageSchema":"1a1c01bbd47fc00a2c39e90264f33305004495a9","hash":"e02a4cc009465ddb70771a7c7d0e1a5cc8d7283a"}
,"C:\\Users\\josie\\SD\\projeto-clasificacao\\classificacao-api\\src\\middleware\\squards\\index.ts": {"path":"C:\\Users\\josie\\SD\\projeto-clasificacao\\classificacao-api\\src\\middleware\\squards\\index.ts","statementMap":{"0":{"start":{"line":5,"column":39},"end":{"line":5,"column":47}},"1":{"start":{"line":7,"column":4},"end":{"line":8,"column":62}},"2":{"start":{"line":8,"column":6},"end":{"line":8,"column":62}},"3":{"start":{"line":10,"column":4},"end":{"line":10,"column":11}},"4":{"start":{"line":15,"column":6},"end":{"line":15,"column":14}},"5":{"start":{"line":17,"column":4},"end":{"line":18,"column":62}},"6":{"start":{"line":18,"column":6},"end":{"line":18,"column":62}},"7":{"start":{"line":20,"column":20},"end":{"line":20,"column":67}},"8":{"start":{"line":21,"column":21},"end":{"line":21,"column":70}},"9":{"start":{"line":22,"column":23},"end":{"line":22,"column":76}},"10":{"start":{"line":24,"column":4},"end":{"line":25,"column":64}},"11":{"start":{"line":25,"column":6},"end":{"line":25,"column":64}},"12":{"start":{"line":27,"column":4},"end":{"line":27,"column":11}}},"fnMap":{"0":{"name":"(anonymous_0)","decl":{"start":{"line":4,"column":2},"end":{"line":4,"column":3}},"loc":{"start":{"line":4,"column":58},"end":{"line":11,"column":3}},"line":4},"1":{"name":"(anonymous_1)","decl":{"start":{"line":13,"column":2},"end":{"line":13,"column":3}},"loc":{"start":{"line":13,"column":56},"end":{"line":28,"column":3}},"line":13}},"branchMap":{"0":{"loc":{"start":{"line":7,"column":4},"end":{"line":8,"column":62}},"type":"if","locations":[{"start":{"line":7,"column":4},"end":{"line":8,"column":62}},{"start":{},"end":{}}],"line":7},"1":{"loc":{"start":{"line":7,"column":8},"end":{"line":7,"column":29}},"type":"binary-expr","locations":[{"start":{"line":7,"column":8},"end":{"line":7,"column":13}},{"start":{"line":7,"column":17},"end":{"line":7,"column":29}}],"line":7},"2":{"loc":{"start":{"line":17,"column":4},"end":{"line":18,"column":62}},"type":"if","locations":[{"start":{"line":17,"column":4},"end":{"line":18,"column":62}},{"start":{},"end":{}}],"line":17},"3":{"loc":{"start":{"line":17,"column":8},"end":{"line":17,"column":29}},"type":"binary-expr","locations":[{"start":{"line":17,"column":8},"end":{"line":17,"column":13}},{"start":{"line":17,"column":17},"end":{"line":17,"column":29}}],"line":17},"4":{"loc":{"start":{"line":20,"column":20},"end":{"line":20,"column":67}},"type":"binary-expr","locations":[{"start":{"line":20,"column":20},"end":{"line":20,"column":41}},{"start":{"line":20,"column":45},"end":{"line":20,"column":67}}],"line":20},"5":{"loc":{"start":{"line":21,"column":21},"end":{"line":21,"column":70}},"type":"binary-expr","locations":[{"start":{"line":21,"column":21},"end":{"line":21,"column":43}},{"start":{"line":21,"column":47},"end":{"line":21,"column":70}}],"line":21},"6":{"loc":{"start":{"line":22,"column":23},"end":{"line":22,"column":76}},"type":"binary-expr","locations":[{"start":{"line":22,"column":23},"end":{"line":22,"column":47}},{"start":{"line":22,"column":51},"end":{"line":22,"column":76}}],"line":22},"7":{"loc":{"start":{"line":24,"column":4},"end":{"line":25,"column":64}},"type":"if","locations":[{"start":{"line":24,"column":4},"end":{"line":25,"column":64}},{"start":{},"end":{}}],"line":24},"8":{"loc":{"start":{"line":24,"column":8},"end":{"line":24,"column":44}},"type":"binary-expr","locations":[{"start":{"line":24,"column":8},"end":{"line":24,"column":16}},{"start":{"line":24,"column":20},"end":{"line":24,"column":29}},{"start":{"line":24,"column":33},"end":{"line":24,"column":44}}],"line":24}},"s":{"0":3,"1":3,"2":1,"3":2,"4":3,"5":3,"6":0,"7":3,"8":3,"9":3,"10":3,"11":1,"12":2},"f":{"0":3,"1":3},"b":{"0":[1,2],"1":[3,2],"2":[0,3],"3":[3,3],"4":[3,2],"5":[3,3],"6":[3,3],"7":[1,2],"8":[3,2,2]},"_coverageSchema":"1a1c01bbd47fc00a2c39e90264f33305004495a9","hash":"00a88f836186317bc5623b5806fe18dc9f8fc74e"}
,"C:\\Users\\josie\\SD\\projeto-clasificacao\\classificacao-api\\src\\routers\\index.ts": {"path":"C:\\Users\\josie\\SD\\projeto-clasificacao\\classificacao-api\\src\\routers\\index.ts","statementMap":{"0":{"start":{"line":7,"column":15},"end":{"line":7,"column":23}},"1":{"start":{"line":9,"column":0},"end":{"line":9,"column":77}},"2":{"start":{"line":10,"column":0},"end":{"line":10,"column":74}},"3":{"start":{"line":11,"column":0},"end":{"line":11,"column":40}},"4":{"start":{"line":12,"column":0},"end":{"line":12,"column":51}},"5":{"start":{"line":14,"column":0},"end":{"line":18,"column":2}}},"fnMap":{},"branchMap":{},"s":{"0":1,"1":1,"2":1,"3":1,"4":1,"5":1},"f":{},"b":{},"_coverageSchema":"1a1c01bbd47fc00a2c39e90264f33305004495a9","hash":"ef5cd80167fd0982fb102b82c47dc77117ab92ea"}
,"C:\\Users\\josie\\SD\\projeto-clasificacao\\classificacao-api\\src\\utils\\index.ts": {"path":"C:\\Users\\josie\\SD\\projeto-clasificacao\\classificacao-api\\src\\utils\\index.ts","statementMap":{"0":{"start":{"line":4,"column":15},"end":{"line":4,"column":16}},"1":{"start":{"line":5,"column":2},"end":{"line":9,"column":5}},"2":{"start":{"line":6,"column":4},"end":{"line":8,"column":7}},"3":{"start":{"line":7,"column":6},"end":{"line":7,"column":45}},"4":{"start":{"line":7,"column":29},"end":{"line":7,"column":45}},"5":{"start":{"line":10,"column":2},"end":{"line":10,"column":24}},"6":{"start":{"line":14,"column":15},"end":{"line":14,"column":78}},"7":{"start":{"line":14,"column":56},"end":{"line":14,"column":70}},"8":{"start":{"line":15,"column":2},"end":{"line":15,"column":14}}},"fnMap":{"0":{"name":"somePoints","decl":{"start":{"line":3,"column":16},"end":{"line":3,"column":26}},"loc":{"start":{"line":3,"column":71},"end":{"line":11,"column":1}},"line":3},"1":{"name":"(anonymous_1)","decl":{"start":{"line":5,"column":20},"end":{"line":5,"column":21}},"loc":{"start":{"line":5,"column":34},"end":{"line":9,"column":3}},"line":5},"2":{"name":"(anonymous_2)","decl":{"start":{"line":6,"column":40},"end":{"line":6,"column":41}},"loc":{"start":{"line":6,"column":58},"end":{"line":8,"column":5}},"line":6},"3":{"name":"countBooyar","decl":{"start":{"line":13,"column":16},"end":{"line":13,"column":27}},"loc":{"start":{"line":13,"column":66},"end":{"line":16,"column":1}},"line":13},"4":{"name":"(anonymous_4)","decl":{"start":{"line":14,"column":42},"end":{"line":14,"column":43}},"loc":{"start":{"line":14,"column":56},"end":{"line":14,"column":70}},"line":14}},"branchMap":{"0":{"loc":{"start":{"line":7,"column":6},"end":{"line":7,"column":45}},"type":"if","locations":[{"start":{"line":7,"column":6},"end":{"line":7,"column":45}},{"start":{},"end":{}}],"line":7}},"s":{"0":1,"1":1,"2":3,"3":36,"4":3,"5":1,"6":1,"7":3,"8":1},"f":{"0":1,"1":3,"2":36,"3":1,"4":3},"b":{"0":[3,33]},"_coverageSchema":"1a1c01bbd47fc00a2c39e90264f33305004495a9","hash":"2da021d9d71b962d878806b242daf2424d68cdff"}
}
