TN:
SF:src\server.ts
FNF:0
FNH:0
DA:7,1
DA:8,1
DA:9,1
DA:10,1
DA:11,1
LF:5
LH:5
BRF:0
BRH:0
end_of_record
TN:
SF:src\controllers\Players.ts
FN:10,(anonymous_0)
FNF:1
FNH:1
FNDA:3,(anonymous_0)
DA:11,3
DA:13,3
DA:15,3
DA:16,1
DA:19,2
DA:21,2
DA:22,1
DA:25,1
DA:27,1
DA:28,0
DA:31,1
DA:33,1
DA:34,0
DA:37,1
LF:14
LH:12
BRDA:15,0,0,1
BRDA:15,0,1,2
BRDA:21,1,0,1
BRDA:21,1,1,1
BRDA:27,2,0,0
BRDA:27,2,1,1
BRDA:33,3,0,0
BRDA:33,3,1,1
BRF:8
BRH:6
end_of_record
TN:
SF:src\controllers\Squards.ts
FN:11,(anonymous_0)
FN:26,(anonymous_1)
FN:78,(anonymous_2)
FN:83,(anonymous_3)
FN:89,(anonymous_4)
FNF:5
FNH:5
FNDA:2,(anonymous_0)
FNDA:2,(anonymous_1)
FNDA:1,(anonymous_2)
FNDA:3,(anonymous_3)
FNDA:2,(anonymous_4)
DA:12,2
DA:14,2
DA:16,2
DA:18,1
DA:20,1
DA:21,0
DA:23,1
DA:33,2
DA:34,2
DA:36,2
DA:38,2
DA:40,1
DA:45,1
DA:46,0
DA:48,1
DA:53,1
DA:54,0
DA:56,1
DA:70,1
DA:72,1
DA:73,0
DA:75,1
DA:79,1
DA:81,1
DA:83,1
DA:84,3
DA:86,1
DA:90,2
DA:91,2
DA:93,2
DA:94,0
DA:97,2
DA:99,2
DA:100,2
DA:103,0
DA:105,0
DA:106,0
DA:109,0
LF:38
LH:29
BRDA:16,0,0,1
BRDA:16,0,1,1
BRDA:20,1,0,0
BRDA:20,1,1,1
BRDA:38,2,0,1
BRDA:38,2,1,1
BRDA:45,3,0,0
BRDA:45,3,1,1
BRDA:45,4,0,1
BRDA:45,4,1,0
BRDA:53,5,0,0
BRDA:53,5,1,1
BRDA:53,6,0,1
BRDA:53,6,1,0
BRDA:72,7,0,0
BRDA:72,7,1,1
BRDA:81,8,0,0
BRDA:81,8,1,1
BRDA:84,9,0,1
BRDA:84,9,1,2
BRDA:84,10,0,1
BRDA:84,10,1,1
BRDA:93,11,0,0
BRDA:93,11,1,2
BRDA:99,12,0,2
BRDA:99,12,1,0
BRDA:105,13,0,0
BRDA:105,13,1,0
BRF:28
BRH:17
end_of_record
TN:
SF:src\database\prisma\index.ts
FN:12,(anonymous_0)
FN:16,(anonymous_1)
FN:21,(anonymous_2)
FN:25,(anonymous_3)
FN:29,(anonymous_4)
FN:34,(anonymous_5)
FN:43,(anonymous_6)
FN:48,(anonymous_7)
FN:49,(anonymous_8)
FN:54,(anonymous_9)
FN:59,(anonymous_10)
FN:65,(anonymous_11)
FN:70,(anonymous_12)
FN:78,(anonymous_13)
FN:83,(anonymous_14)
FN:87,(anonymous_15)
FN:91,(anonymous_16)
FN:97,(anonymous_17)
FN:101,(anonymous_18)
FN:107,(anonymous_19)
FNF:20
FNH:7
FNDA:1,(anonymous_0)
FNDA:0,(anonymous_1)
FNDA:9,(anonymous_2)
FNDA:0,(anonymous_3)
FNDA:0,(anonymous_4)
FNDA:1,(anonymous_5)
FNDA:0,(anonymous_6)
FNDA:1,(anonymous_7)
FNDA:0,(anonymous_8)
FNDA:0,(anonymous_9)
FNDA:0,(anonymous_10)
FNDA:0,(anonymous_11)
FNDA:1,(anonymous_12)
FNDA:0,(anonymous_13)
FNDA:2,(anonymous_14)
FNDA:0,(anonymous_15)
FNDA:0,(anonymous_16)
FNDA:1,(anonymous_17)
FNDA:0,(anonymous_18)
FNDA:0,(anonymous_19)
DA:9,1
DA:13,1
DA:14,0
DA:16,1
DA:17,0
DA:22,9
DA:24,9
DA:25,7
DA:26,0
DA:29,2
DA:30,0
DA:35,1
DA:36,0
DA:38,1
DA:44,0
DA:49,1
DA:50,0
DA:55,0
DA:60,0
DA:65,0
DA:66,0
DA:71,1
DA:72,0
DA:74,1
DA:75,0
DA:78,1
DA:79,0
DA:84,2
DA:86,2
DA:87,0
DA:88,0
DA:91,2
DA:92,0
DA:98,1
DA:99,1
DA:102,0
DA:107,0
DA:108,0
LF:38
LH:18
BRDA:13,0,0,0
BRDA:13,0,1,1
BRDA:13,1,0,1
BRDA:13,1,1,1
BRDA:22,2,0,0
BRDA:22,2,1,9
BRDA:22,3,0,9
BRDA:22,3,1,2
BRDA:24,4,0,7
BRDA:24,4,1,2
BRDA:35,5,0,0
BRDA:35,5,1,1
BRDA:35,6,0,1
BRDA:35,6,1,1
BRDA:71,7,0,0
BRDA:71,7,1,1
BRDA:74,8,0,0
BRDA:74,8,1,1
BRDA:74,9,0,1
BRDA:74,9,1,1
BRDA:84,10,0,0
BRDA:84,10,1,2
BRDA:84,11,0,2
BRDA:84,11,1,2
BRDA:86,12,0,0
BRDA:86,12,1,2
BRDA:98,13,0,1
BRDA:98,13,1,0
BRF:28
BRH:20
end_of_record
TN:
SF:src\helpers\apiErros.ts
FN:4,(anonymous_0)
FN:12,(anonymous_1)
FN:18,(anonymous_2)
FN:24,(anonymous_3)
FN:30,(anonymous_4)
FN:36,(anonymous_5)
FN:42,(anonymous_6)
FNF:7
FNH:3
FNDA:9,(anonymous_0)
FNDA:0,(anonymous_1)
FNDA:4,(anonymous_2)
FNDA:0,(anonymous_3)
FNDA:5,(anonymous_4)
FNDA:0,(anonymous_5)
FNDA:0,(anonymous_6)
DA:5,9
DA:6,9
DA:7,9
DA:13,0
DA:19,4
DA:25,0
DA:31,5
DA:37,0
DA:43,0
LF:9
LH:5
BRF:0
BRH:0
end_of_record
TN:
SF:src\helpers\tablePoints.ts
FNF:0
FNH:0
DA:1,1
LF:1
LH:1
BRF:0
BRH:0
end_of_record
TN:
SF:src\middleware\errorMiddleware.ts
FN:4,(anonymous_0)
FNF:1
FNH:1
FNDA:9,(anonymous_0)
DA:4,1
DA:10,9
DA:11,9
DA:12,9
DA:17,0
DA:20,9
DA:21,0
DA:24,9
DA:25,0
DA:28,9
LF:10
LH:7
BRDA:10,0,0,9
BRDA:10,0,1,0
BRDA:12,1,0,0
BRDA:12,1,1,9
BRDA:13,2,0,9
BRDA:13,2,1,9
BRDA:13,2,2,9
BRDA:20,3,0,0
BRDA:20,3,1,9
BRDA:24,4,0,0
BRDA:24,4,1,9
BRF:11
BRH:7
end_of_record
TN:
SF:src\middleware\players\index.ts
FN:5,(anonymous_0)
FNF:1
FNH:1
FNDA:4,(anonymous_0)
DA:6,4
DA:8,4
DA:9,0
DA:11,4
DA:12,1
DA:15,3
LF:6
LH:5
BRDA:8,0,0,0
BRDA:8,0,1,4
BRDA:11,1,0,1
BRDA:11,1,1,3
BRDA:11,2,0,4
BRDA:11,2,1,4
BRF:6
BRH:5
end_of_record
TN:
SF:src\middleware\squards\index.ts
FN:4,(anonymous_0)
FN:13,(anonymous_1)
FNF:2
FNH:2
FNDA:3,(anonymous_0)
FNDA:3,(anonymous_1)
DA:5,3
DA:7,3
DA:8,1
DA:10,2
DA:15,3
DA:17,3
DA:18,0
DA:20,3
DA:21,3
DA:22,3
DA:24,3
DA:25,1
DA:27,2
LF:13
LH:12
BRDA:7,0,0,1
BRDA:7,0,1,2
BRDA:7,1,0,3
BRDA:7,1,1,2
BRDA:17,2,0,0
BRDA:17,2,1,3
BRDA:17,3,0,3
BRDA:17,3,1,3
BRDA:20,4,0,3
BRDA:20,4,1,2
BRDA:21,5,0,3
BRDA:21,5,1,3
BRDA:22,6,0,3
BRDA:22,6,1,3
BRDA:24,7,0,1
BRDA:24,7,1,2
BRDA:24,8,0,3
BRDA:24,8,1,2
BRDA:24,8,2,2
BRF:19
BRH:18
end_of_record
TN:
SF:src\routers\index.ts
FNF:0
FNH:0
DA:7,1
DA:9,1
DA:10,1
DA:11,1
DA:12,1
DA:14,1
LF:6
LH:6
BRF:0
BRH:0
end_of_record
TN:
SF:src\utils\index.ts
FN:3,somePoints
FN:5,(anonymous_1)
FN:6,(anonymous_2)
FN:13,countBooyar
FN:14,(anonymous_4)
FNF:5
FNH:5
FNDA:1,somePoints
FNDA:3,(anonymous_1)
FNDA:36,(anonymous_2)
FNDA:1,countBooyar
FNDA:3,(anonymous_4)
DA:4,1
DA:5,1
DA:6,3
DA:7,36
DA:10,1
DA:14,3
DA:15,1
LF:7
LH:7
BRDA:7,0,0,3
BRDA:7,0,1,33
BRF:2
BRH:2
end_of_record
